1558532823379	mozrunner::runner	INFO	Running command: "/usr/bin/firefox" "-marionette" "-foreground" "-no-remote" "-profile" "/tmp/rust_mozprofile.uFLYDYPjaH6m"
1558532823667	addons.webextension.screenshots@mozilla.org	WARN	Loading extension 'screenshots@mozilla.org': Reading manifest: Invalid host permission: resource://pdf.js/
1558532823667	addons.webextension.screenshots@mozilla.org	WARN	Loading extension 'screenshots@mozilla.org': Reading manifest: Invalid host permission: about:reader*
1558532823741	addons.xpi-utils	WARN	Add-on langpack-zh-CN@firefox.mozilla.org is not compatible with application version.
1558532823741	addons.xpi-utils	WARN	Add-on langpack-zh-CN@firefox.mozilla.org is not compatible with application version.
1558532823742	addons.xpi-utils	WARN	Add-on langpack-zh-CN@firefox.mozilla.org is not compatible with application version.
1558532824634	Marionette	INFO	Listening on port 33905
1558532824696	Marionette	WARN	TLS certificate errors will be ignored for this session

(/usr/lib/firefox/firefox:13129): dconf-WARNING **: 21:48:31.014: Unable to open /var/lib/snapd/desktop/dconf/profile/user: Permission denied
JavaScript error: , line 0: InvalidStateError: An attempt was made to use an object that is not, or is no longer, usable
JavaScript error: , line 0: InvalidStateError: An attempt was made to use an object that is not, or is no longer, usable
JavaScript error: , line 0: InvalidStateError: An attempt was made to use an object that is not, or is no longer, usable

###!!! [Child][RunMessage] Error: Channel closing: too late to send/recv, messages will be lost

[Parent 12942, Gecko_IOThread] WARNING: pipe error (78): Connection reset by peer: file /build/firefox-HN7tk_/firefox-65.0+build2/ipc/chromium/src/chrome/common/ipc_channel_posix.cc, line 349
[Parent 12942, Gecko_IOThread] WARNING: pipe error (95): Connection reset by peer: file /build/firefox-HN7tk_/firefox-65.0+build2/ipc/chromium/src/chrome/common/ipc_channel_posix.cc, line 349
1558532964185	Marionette	INFO	Stopped listening on port 33905
1558533156571	mozrunner::runner	INFO	Running command: "/usr/bin/firefox" "-marionette" "-foreground" "-no-remote" "-profile" "/tmp/rust_mozprofile.DAUFvcs7Shv4"
1558533156876	addons.webextension.screenshots@mozilla.org	WARN	Loading extension 'screenshots@mozilla.org': Reading manifest: Invalid host permission: resource://pdf.js/
1558533156876	addons.webextension.screenshots@mozilla.org	WARN	Loading extension 'screenshots@mozilla.org': Reading manifest: Invalid host permission: about:reader*
1558533156946	addons.xpi-utils	WARN	Add-on langpack-zh-CN@firefox.mozilla.org is not compatible with application version.
1558533156946	addons.xpi-utils	WARN	Add-on langpack-zh-CN@firefox.mozilla.org is not compatible with application version.
1558533156946	addons.xpi-utils	WARN	Add-on langpack-zh-CN@firefox.mozilla.org is not compatible with application version.
1558533157904	Marionette	INFO	Listening on port 44569
1558533157976	Marionette	WARN	TLS certificate errors will be ignored for this session

(/usr/lib/firefox/firefox:14356): dconf-WARNING **: 21:53:32.931: Unable to open /var/lib/snapd/desktop/dconf/profile/user: Permission denied
JavaScript error: , line 0: InvalidStateError: An attempt was made to use an object that is not, or is no longer, usable
1558533673988	addons.xpi-utils	WARN	Add-on langpack-zh-CN@firefox.mozilla.org is not compatible with application version.
1558533673992	addons.xpi-utils	WARN	Add-on langpack-zh-CN@firefox.mozilla.org is not compatible with application version.
1558533787043	addons.xpi-utils	WARN	Add-on langpack-zh-CN@firefox.mozilla.org is not compatible with application version.
console.error: BroadcastService: 
  receivedBroadcastMessage: handler for
  remote-settings/monitor_changes
  threw error:
  Message: Error: Polling for changes failed: NetworkError when attempting to fetch resource..
  Stack:
    remoteSettingsFunction/remoteSettings.pollChanges@resource://services-settings/remote-settings.js:188:13

1558601425971	mozrunner::runner	INFO	Running command: "/usr/bin/firefox" "-marionette" "-foreground" "-no-remote" "-profile" "/tmp/rust_mozprofile.gXHzq7PaJjg6"
1558601426633	addons.webextension.screenshots@mozilla.org	WARN	Loading extension 'screenshots@mozilla.org': Reading manifest: Invalid host permission: resource://pdf.js/
1558601426633	addons.webextension.screenshots@mozilla.org	WARN	Loading extension 'screenshots@mozilla.org': Reading manifest: Invalid host permission: about:reader*
1558601426703	addons.xpi-utils	WARN	Add-on langpack-zh-CN@firefox.mozilla.org is not compatible with application version.
1558601426703	addons.xpi-utils	WARN	Add-on langpack-zh-CN@firefox.mozilla.org is not compatible with application version.
1558601426703	addons.xpi-utils	WARN	Add-on langpack-zh-CN@firefox.mozilla.org is not compatible with application version.
1558601427691	Marionette	INFO	Listening on port 40767
1558601427776	Marionette	WARN	TLS certificate errors will be ignored for this session
JavaScript warning: https://rumble.com/embedJS/ucxbq.v50l3h/?url=https%3A%2F%2Fwww.snopes.com%2Ffact-check%2Fdrew-carey-fox-maga-hat%2F&args=%5B%22play%22%2C%7B%22video%22%3A%22v50l3h%22%2C%22div%22%3A%22feature-video-player%22%2C%22resize%22%3A%22full%22%7D%5D, line 322: unreachable code after return statement
JavaScript warning: https://rumble.com/embedJS/ucxbq.v50l3h/?url=https%3A%2F%2Fwww.snopes.com%2Ffact-check%2Fdrew-carey-fox-maga-hat%2F&args=%5B%22play%22%2C%7B%22video%22%3A%22v50l3h%22%2C%22div%22%3A%22feature-video-player%22%2C%22resize%22%3A%22full%22%7D%5D, line 322: unreachable code after return statement
JavaScript error: , line 0: uncaught exception: undefined
Exiting due to channel error.
Exiting due to channel error.
Exiting due to channel error.
